<?xml version="1.0" encoding="UTF-8"?>
<testsuite xmlns:xsi="http://www.w3.org/2001/XMLSchema-instance" xsi:noNamespaceSchemaLocation="https://maven.apache.org/surefire/maven-surefire-plugin/xsd/surefire-test-report-3.0.xsd" version="3.0" name="com.it_academy.calculator.CalculatorBasicOperationsLogicTest" time="0.199" tests="20" errors="0" skipped="0" failures="0">
  <properties>
[...]
</properties>
  <testcase name="divisionTest(double, double, double)[1]" classname="com.it_academy.calculator.CalculatorBasicOperationsLogicTest" time="0.094"/>
  <testcase name="divisionTest(double, double, double)[2]" classname="com.it_academy.calculator.CalculatorBasicOperationsLogicTest" time="0.001"/>
  <testcase name="divisionTest(double, double, double)[3]" classname="com.it_academy.calculator.CalculatorBasicOperationsLogicTest" time="0.002"/>
  <testcase name="divisionTest(double, double, double)[4]" classname="com.it_academy.calculator.CalculatorBasicOperationsLogicTest" time="0.001"/>
  <testcase name="additionTest(double, double, double)[1]" classname="com.it_academy.calculator.CalculatorBasicOperationsLogicTest" time="0.002"/>
  <testcase name="additionTest(double, double, double)[2]" classname="com.it_academy.calculator.CalculatorBasicOperationsLogicTest" time="0.001"/>
  <testcase name="additionTest(double, double, double)[3]" classname="com.it_academy.calculator.CalculatorBasicOperationsLogicTest" time="0"/>
  <testcase name="additionTest(double, double, double)[4]" classname="com.it_academy.calculator.CalculatorBasicOperationsLogicTest" time="0.001"/>
  <testcase name="calcResultTest(double, double, double, char)[1]" classname="com.it_academy.calculator.CalculatorBasicOperationsLogicTest" time="0.006"/>
  <testcase name="calcResultTest(double, double, double, char)[2]" classname="com.it_academy.calculator.CalculatorBasicOperationsLogicTest" time="0.001"/>
  <testcase name="calcResultTest(double, double, double, char)[3]" classname="com.it_academy.calculator.CalculatorBasicOperationsLogicTest" time="0.001"/>
  <testcase name="calcResultTest(double, double, double, char)[4]" classname="com.it_academy.calculator.CalculatorBasicOperationsLogicTest" time="0.001"/>
  <testcase name="multiplicationTest(double, double, double)[1]" classname="com.it_academy.calculator.CalculatorBasicOperationsLogicTest" time="0.001"/>
  <testcase name="multiplicationTest(double, double, double)[2]" classname="com.it_academy.calculator.CalculatorBasicOperationsLogicTest" time="0.001"/>
  <testcase name="multiplicationTest(double, double, double)[3]" classname="com.it_academy.calculator.CalculatorBasicOperationsLogicTest" time="0.001"/>
  <testcase name="multiplicationTest(double, double, double)[4]" classname="com.it_academy.calculator.CalculatorBasicOperationsLogicTest" time="0.001"/>
  <testcase name="subtractionTest(double, double, double)[1]" classname="com.it_academy.calculator.CalculatorBasicOperationsLogicTest" time="0.001"/>
  <testcase name="subtractionTest(double, double, double)[2]" classname="com.it_academy.calculator.CalculatorBasicOperationsLogicTest" time="0"/>
  <testcase name="subtractionTest(double, double, double)[3]" classname="com.it_academy.calculator.CalculatorBasicOperationsLogicTest" time="0"/>
  <testcase name="subtractionTest(double, double, double)[4]" classname="com.it_academy.calculator.CalculatorBasicOperationsLogicTest" time="0.001"/>
</testsuite>